2018-09-16 14:40:08 INFO  ScreenManager:102 - Starting Game
2018-09-16 14:40:10 INFO  ScreenManager:163 - Paddle moved
2018-09-16 14:40:10 INFO  ScreenManager:163 - Paddle moved
2018-09-16 14:40:10 INFO  ScreenManager:163 - Paddle moved
2018-09-16 14:40:10 INFO  ScreenManager:163 - Paddle moved
2018-09-16 14:40:11 INFO  ScreenManager:230 - brick exploded
2018-09-16 16:16:30 INFO  ScreenController:116 - Starting Game
2018-09-16 16:16:33 INFO  ScreenController:244 - brick exploded
2018-09-16 16:16:39 INFO  ScreenController:244 - brick exploded
2018-09-16 16:16:40 INFO  ScreenController:290 - Pausing Game
2018-09-16 16:16:41 INFO  ScreenController:354 - saved game state
2018-09-16 16:16:42 INFO  ScreenController:290 - Pausing Game
2018-09-16 16:16:43 INFO  ScreenController:290 - Pausing Game
2018-09-16 16:33:00 INFO  ScreenController:117 - Starting Game
2018-09-16 16:33:03 INFO  ScreenController:245 - brick exploded
2018-09-16 16:33:03 INFO  ScreenController:291 - Pausing Game
2018-09-16 16:33:05 INFO  ScreenController:355 - saved game state
2018-09-16 16:33:07 INFO  ScreenController:291 - Pausing Game
2018-09-16 16:33:10 INFO  ScreenController:291 - Pausing Game
2018-09-16 16:33:41 INFO  ScreenController:117 - Starting Game
2018-09-16 16:33:43 INFO  ScreenController:245 - brick exploded
2018-09-16 16:33:50 INFO  ScreenController:245 - brick exploded
2018-09-16 16:45:53 INFO  ScreenController:117 - Starting Game
2018-09-16 16:45:55 INFO  ScreenController:245 - brick exploded
2018-09-16 16:47:41 INFO  ScreenController:117 - Starting Game
2018-09-16 16:47:44 INFO  ScreenController:245 - brick exploded
2018-09-16 16:47:47 INFO  ScreenController:291 - Pausing Game
2018-09-16 16:47:48 INFO  ScreenController:355 - saved game state
2018-09-16 16:47:49 INFO  ScreenController:291 - Pausing Game
2018-09-16 16:47:50 INFO  ScreenController:291 - Pausing Game
2018-09-16 16:49:11 INFO  ScreenController:117 - Starting Game
2018-09-16 16:49:14 INFO  ScreenController:245 - brick exploded
2018-09-16 16:54:54 INFO  ScreenController:117 - Starting Game
2018-09-16 16:54:57 INFO  ScreenController:245 - brick exploded
2018-09-16 16:55:03 INFO  ScreenController:245 - brick exploded
2018-09-16 16:55:51 INFO  ScreenController:117 - Starting Game
2018-09-16 16:55:54 INFO  ScreenController:245 - brick exploded
2018-09-16 16:56:00 INFO  ScreenController:245 - brick exploded
2018-09-16 16:58:34 INFO  ScreenController:117 - Starting Game
2018-09-16 16:58:37 INFO  ScreenController:245 - brick exploded
2018-09-16 16:58:44 INFO  ScreenController:245 - brick exploded
2018-09-16 17:04:21 INFO  ScreenController:117 - Starting Game
2018-09-16 17:04:24 INFO  ScreenController:245 - brick exploded
2018-09-16 17:04:30 INFO  ScreenController:245 - brick exploded
2018-09-16 17:07:41 INFO  ScreenController:117 - Starting Game
2018-09-16 17:07:42 INFO  ScreenController:117 - Starting Game
2018-09-16 17:07:44 INFO  ScreenController:245 - brick exploded
2018-09-16 17:07:45 INFO  ScreenController:245 - brick exploded
2018-09-16 17:07:50 INFO  ScreenController:245 - brick exploded
2018-09-16 17:07:52 INFO  ScreenController:245 - brick exploded
2018-09-16 17:08:28 INFO  ScreenController:117 - Starting Game
2018-09-16 17:08:30 INFO  ScreenController:245 - brick exploded
2018-09-16 17:19:17 INFO  ScreenController:117 - Starting Game
2018-09-16 17:19:20 INFO  ScreenController:245 - brick exploded
2018-09-16 17:19:27 INFO  ScreenController:245 - brick exploded
2018-09-16 17:20:09 INFO  ScreenController:117 - Starting Game
2018-09-16 17:20:12 INFO  ScreenController:245 - brick exploded
2018-09-16 17:20:18 INFO  ScreenController:245 - brick exploded
2018-09-16 18:02:57 INFO  ScreenController:117 - Starting Game
2018-09-16 18:03:00 INFO  ScreenController:245 - brick exploded
2018-09-16 18:03:06 INFO  ScreenController:245 - brick exploded
2018-09-16 18:05:39 INFO  ScreenController:117 - Starting Game
2018-09-16 18:05:41 INFO  ScreenController:245 - brick exploded
2018-09-16 18:05:48 INFO  ScreenController:245 - brick exploded
2018-09-16 18:06:01 INFO  ScreenController:117 - Starting Game
2018-09-16 18:06:03 INFO  ScreenController:245 - brick exploded
2018-09-16 18:06:11 INFO  ScreenController:117 - Starting Game
2018-09-16 18:06:13 INFO  ScreenController:245 - brick exploded
2018-09-16 18:09:06 INFO  ScreenController:117 - Starting Game
2018-09-16 18:09:09 INFO  ScreenController:245 - brick exploded
2018-09-16 18:09:15 INFO  ScreenController:245 - brick exploded
2018-09-16 18:09:56 INFO  ScreenController:117 - Starting Game
2018-09-16 18:09:58 INFO  ScreenController:245 - brick exploded
2018-09-16 18:10:05 INFO  ScreenController:245 - brick exploded
2018-09-16 18:10:46 INFO  ScreenController:117 - Starting Game
2018-09-16 18:10:48 INFO  ScreenController:245 - brick exploded
2018-09-16 18:10:55 INFO  ScreenController:245 - brick exploded
2018-09-16 18:11:17 INFO  ScreenController:117 - Starting Game
2018-09-16 18:11:19 INFO  ScreenController:245 - brick exploded
2018-09-16 18:11:26 INFO  ScreenController:245 - brick exploded
2018-09-16 18:11:52 INFO  ScreenController:117 - Starting Game
2018-09-16 18:11:55 INFO  ScreenController:245 - brick exploded
2018-09-16 18:13:15 INFO  ScreenController:117 - Starting Game
2018-09-16 18:13:17 INFO  ScreenController:245 - brick exploded
2018-09-16 18:14:14 INFO  ScreenController:117 - Starting Game
2018-09-16 18:14:17 INFO  ScreenController:245 - brick exploded
2018-09-16 18:14:51 INFO  ScreenController:117 - Starting Game
2018-09-16 18:14:54 INFO  ScreenController:245 - brick exploded
2018-09-16 18:15:00 INFO  ScreenController:245 - brick exploded
2018-09-16 18:15:20 INFO  ScreenController:117 - Starting Game
2018-09-16 18:15:22 INFO  ScreenController:245 - brick exploded
2018-09-16 18:15:25 INFO  ScreenController:117 - Starting Game
2018-09-16 18:15:27 INFO  ScreenController:245 - brick exploded
2018-09-16 18:15:50 INFO  ScreenController:117 - Starting Game
2018-09-16 18:15:52 INFO  ScreenController:245 - brick exploded
2018-09-16 18:15:59 INFO  ScreenController:245 - brick exploded
2018-09-16 18:16:01 INFO  ScreenController:117 - Starting Game
2018-09-16 18:16:03 INFO  ScreenController:245 - brick exploded
2018-09-16 18:16:15 INFO  ScreenController:117 - Starting Game
2018-09-16 18:16:23 INFO  ScreenController:117 - Starting Game
2018-09-16 18:16:25 INFO  ScreenController:245 - brick exploded
2018-09-16 18:16:50 INFO  ScreenController:117 - Starting Game
2018-09-16 18:16:52 INFO  ScreenController:245 - brick exploded
2018-09-16 18:17:09 INFO  ScreenController:117 - Starting Game
2018-09-16 18:17:11 INFO  ScreenController:245 - brick exploded
2018-09-16 18:17:23 INFO  ScreenController:117 - Starting Game
2018-09-16 18:17:25 INFO  ScreenController:245 - brick exploded
2018-09-16 18:17:34 INFO  ScreenController:117 - Starting Game
2018-09-16 18:17:36 INFO  ScreenController:245 - brick exploded
2018-09-16 18:17:53 INFO  ScreenController:117 - Starting Game
2018-09-16 18:17:55 INFO  ScreenController:245 - brick exploded
2018-09-16 18:18:09 INFO  ScreenController:117 - Starting Game
2018-09-16 18:18:12 INFO  ScreenController:245 - brick exploded
2018-09-16 18:18:18 INFO  ScreenController:245 - brick exploded
2018-09-16 18:22:25 INFO  ScreenController:117 - Starting Game
